24-May-2025 13:13:54.530 INFO [main] org.apache.catalina.startup.VersionLoggerListener.log Server version name:   Apache Tomcat/10.1.36
24-May-2025 13:13:54.539 INFO [main] org.apache.catalina.startup.VersionLoggerListener.log Server built:          Feb 13 2025 13:13:30 UTC
24-May-2025 13:13:54.539 INFO [main] org.apache.catalina.startup.VersionLoggerListener.log Server version number: 10.1.36.0
24-May-2025 13:13:54.539 INFO [main] org.apache.catalina.startup.VersionLoggerListener.log OS Name:               Windows 10
24-May-2025 13:13:54.540 INFO [main] org.apache.catalina.startup.VersionLoggerListener.log OS Version:            10.0
24-May-2025 13:13:54.540 INFO [main] org.apache.catalina.startup.VersionLoggerListener.log Architecture:          amd64
24-May-2025 13:13:54.540 INFO [main] org.apache.catalina.startup.VersionLoggerListener.log Java Home:             C:\Program Files\Java\jdk-23
24-May-2025 13:13:54.540 INFO [main] org.apache.catalina.startup.VersionLoggerListener.log JVM Version:           23.0.1+11-39
24-May-2025 13:13:54.540 INFO [main] org.apache.catalina.startup.VersionLoggerListener.log JVM Vendor:            Oracle Corporation
24-May-2025 13:13:54.541 INFO [main] org.apache.catalina.startup.VersionLoggerListener.log CATALINA_BASE:         C:\Users\lenovo\Documents\PERSONAL\EMSI 4IIR S2\JEE\ProjectL1\FINALBANKDB\BankatiWeb\BankatiWeb
24-May-2025 13:13:54.541 INFO [main] org.apache.catalina.startup.VersionLoggerListener.log CATALINA_HOME:         C:\Users\lenovo\Downloads\apache-tomcat-10.1.36-windows-x64\apache-tomcat-10.1.36
24-May-2025 13:13:54.555 INFO [main] org.apache.catalina.startup.VersionLoggerListener.log Command line argument: --add-opens=java.base/java.lang=ALL-UNNAMED
24-May-2025 13:13:54.555 INFO [main] org.apache.catalina.startup.VersionLoggerListener.log Command line argument: --add-opens=java.base/java.io=ALL-UNNAMED
24-May-2025 13:13:54.555 INFO [main] org.apache.catalina.startup.VersionLoggerListener.log Command line argument: --add-opens=java.base/java.util=ALL-UNNAMED
24-May-2025 13:13:54.555 INFO [main] org.apache.catalina.startup.VersionLoggerListener.log Command line argument: --add-opens=java.base/java.util.concurrent=ALL-UNNAMED
24-May-2025 13:13:54.555 INFO [main] org.apache.catalina.startup.VersionLoggerListener.log Command line argument: --add-opens=java.rmi/sun.rmi.transport=ALL-UNNAMED
24-May-2025 13:13:54.556 INFO [main] org.apache.catalina.startup.VersionLoggerListener.log Command line argument: -Dcatalina.home=C:\Users\lenovo\Downloads\apache-tomcat-10.1.36-windows-x64\apache-tomcat-10.1.36
24-May-2025 13:13:54.556 INFO [main] org.apache.catalina.startup.VersionLoggerListener.log Command line argument: -Dcatalina.base=C:\Users\lenovo\Documents\PERSONAL\EMSI 4IIR S2\JEE\ProjectL1\FINALBANKDB\BankatiWeb\BankatiWeb
24-May-2025 13:13:54.556 INFO [main] org.apache.catalina.startup.VersionLoggerListener.log Command line argument: -Djava.io.tmpdir=C:\Users\lenovo\Documents\PERSONAL\EMSI 4IIR S2\JEE\ProjectL1\FINALBANKDB\BankatiWeb\BankatiWeb\temp
24-May-2025 13:13:54.556 INFO [main] org.apache.catalina.startup.VersionLoggerListener.log Command line argument: -Djava.util.logging.config.file=C:\Users\lenovo\Documents\PERSONAL\EMSI 4IIR S2\JEE\ProjectL1\FINALBANKDB\BankatiWeb\BankatiWeb\conf\logging.properties
24-May-2025 13:13:54.556 INFO [main] org.apache.catalina.startup.VersionLoggerListener.log Command line argument: -Djava.util.logging.manager=org.apache.juli.ClassLoaderLogManager
24-May-2025 13:13:54.557 INFO [main] org.apache.catalina.startup.VersionLoggerListener.log Command line argument: -javaagent:C:\Program Files\JetBrains\IntelliJ Ultimate IDEA 2024.3.4\lib\idea_rt.jar=55141
24-May-2025 13:13:54.557 INFO [main] org.apache.catalina.startup.VersionLoggerListener.log Command line argument: -Dfile.encoding=UTF-8
24-May-2025 13:13:54.557 INFO [main] org.apache.catalina.startup.VersionLoggerListener.log Command line argument: -Dsun.stdout.encoding=UTF-8
24-May-2025 13:13:54.557 INFO [main] org.apache.catalina.startup.VersionLoggerListener.log Command line argument: -Dsun.stderr.encoding=UTF-8
24-May-2025 13:13:54.563 INFO [main] org.apache.catalina.core.AprLifecycleListener.lifecycleEvent Loaded Apache Tomcat Native library [2.0.8] using APR version [1.7.4].
24-May-2025 13:13:54.588 INFO [main] org.apache.catalina.core.AprLifecycleListener.initializeSSL OpenSSL successfully initialized [OpenSSL 3.0.14 4 Jun 2024]
24-May-2025 13:13:55.140 INFO [main] org.apache.coyote.AbstractProtocol.init Initializing ProtocolHandler ["http-nio-8080"]
24-May-2025 13:13:55.165 INFO [main] org.apache.catalina.startup.Catalina.load Server initialization in [1007] milliseconds
24-May-2025 13:13:55.243 INFO [main] org.apache.catalina.core.StandardService.startInternal Starting service [Catalina]
24-May-2025 13:13:55.243 INFO [main] org.apache.catalina.core.StandardEngine.startInternal Starting Servlet engine: [Apache Tomcat/10.1.36]
24-May-2025 13:13:55.274 INFO [main] org.apache.catalina.startup.HostConfig.deployDescriptor Deploying deployment descriptor [C:\Users\lenovo\Documents\PERSONAL\EMSI 4IIR S2\JEE\ProjectL1\FINALBANKDB\BankatiWeb\BankatiWeb\conf\Catalina\localhost\BankatiWeb.xml]
24-May-2025 13:13:59.074 INFO [main] org.apache.jasper.servlet.TldScanner.scanJars At least one JAR was scanned for TLDs yet contained no TLDs. Enable debug logging for this logger for a complete list of JARs that were scanned but no TLDs were found in them. Skipping unneeded JARs during scanning can improve startup time and JSP compilation time.
24-May-2025 13:14:00.335 INFO [main] org.apache.catalina.startup.HostConfig.deployDescriptor Deployment of deployment descriptor [C:\Users\lenovo\Documents\PERSONAL\EMSI 4IIR S2\JEE\ProjectL1\FINALBANKDB\BankatiWeb\BankatiWeb\conf\Catalina\localhost\BankatiWeb.xml] has finished in [5,059] ms
24-May-2025 13:14:00.342 INFO [main] org.apache.coyote.AbstractProtocol.start Starting ProtocolHandler ["http-nio-8080"]
24-May-2025 13:14:00.367 INFO [main] org.apache.catalina.startup.Catalina.start Server startup in [5200] milliseconds
24-May-2025 13:15:23.460 INFO [Thread-1] org.apache.coyote.AbstractProtocol.pause Pausing ProtocolHandler ["http-nio-8080"]
24-May-2025 13:15:23.465 INFO [Thread-1] org.apache.catalina.core.StandardService.stopInternal Stopping service [Catalina]
24-May-2025 13:15:23.471 WARNING [Thread-1] org.apache.catalina.loader.WebappClassLoaderBase.clearReferencesJdbc The web application [BankatiWeb] registered the JDBC driver [com.mysql.cj.jdbc.Driver] but failed to unregister it when the web application was stopped. To prevent a memory leak, the JDBC Driver has been forcibly unregistered.
24-May-2025 13:15:23.472 WARNING [Thread-1] org.apache.catalina.loader.WebappClassLoaderBase.clearReferencesThreads The web application [BankatiWeb] appears to have started a thread named [mysql-cj-abandoned-connection-cleanup] but has failed to stop it. This is very likely to create a memory leak. Stack trace of thread:
 java.base/jdk.internal.misc.Unsafe.park(Native Method)
 java.base/java.util.concurrent.locks.LockSupport.parkNanos(LockSupport.java:269)
 java.base/java.util.concurrent.locks.AbstractQueuedSynchronizer$ConditionObject.await(AbstractQueuedSynchronizer.java:1852)
 java.base/java.lang.ref.ReferenceQueue.await(ReferenceQueue.java:79)
 java.base/java.lang.ref.ReferenceQueue.remove0(ReferenceQueue.java:151)
 java.base/java.lang.ref.ReferenceQueue.remove(ReferenceQueue.java:229)
 com.mysql.cj.jdbc.AbandonedConnectionCleanupThread.run(AbandonedConnectionCleanupThread.java:91)
 java.base/java.util.concurrent.ThreadPoolExecutor.runWorker(ThreadPoolExecutor.java:1144)
 java.base/java.util.concurrent.ThreadPoolExecutor$Worker.run(ThreadPoolExecutor.java:642)
 java.base/java.lang.Thread.run(Thread.java:1575)
24-May-2025 13:15:23.479 INFO [Thread-1] org.apache.coyote.AbstractProtocol.stop Stopping ProtocolHandler ["http-nio-8080"]
24-May-2025 13:15:23.491 INFO [Thread-1] org.apache.coyote.AbstractProtocol.destroy Destroying ProtocolHandler ["http-nio-8080"]
